<?xml version="1.0" encoding="UTF-8"?>
<testsuite xmlns:xsi="http://www.w3.org/2001/XMLSchema-instance" xsi:noNamespaceSchemaLocation="https://maven.apache.org/surefire/maven-surefire-plugin/xsd/surefire-test-report-3.0.xsd" version="3.0" name="KontoTest" time="0.361" tests="10" errors="0" skipped="0" failures="0">
  <properties>
[...]
</properties>
  <testcase name="schlechtTest1AbhebenBGN" classname="KontoTest" time="0.122"/>
  <testcase name="gutTest1AbhebenDKKausMKD" classname="KontoTest" time="0.119"/>
  <testcase name="gutTest1AbhebenEuro" classname="KontoTest" time="0.003"/>
  <testcase name="schlechtTest1AbhebenEuro" classname="KontoTest" time="0.003"/>
  <testcase name="gutTest1WaehrungswechselBGN" classname="KontoTest" time="0.005"/>
  <testcase name="gutTest1WaehrungswechselDKK" classname="KontoTest" time="0.002"/>
  <testcase name="gutTest1WaehrungswechselMKD" classname="KontoTest" time="0.001"/>
  <testcase name="gutTest1AbhebenBGN" classname="KontoTest" time="0.001"/>
  <testcase name="gutTest1AbhebenDKK" classname="KontoTest" time="0.001"/>
  <testcase name="gutTest1AbhebenMKD" classname="KontoTest" time="0.001"/>
</testsuite>